#### ğ‘¹: {âŸ¨x,yâŸ© for âŸ¨x,yâŸ© âˆˆ A<sup>2</sup> if xğ‘¹<sub>y</sub>}   

#### ğ‘»Â·ğ‘¹: {âŸ¨a,câŸ© | âˆƒb âˆˆ B (âŸ¨a,bâŸ© âˆˆ ğ‘» âˆ§ âŸ¨b,câŸ© âˆˆ ğ‘¹)}   
![](./relations2.gif)  

#### ğ‘¹<sup>2</sup>: ağ‘¹<sup>2</sup>c âŸº {âŸ¨a,câŸ© | âˆƒb âˆˆ A (âŸ¨a,bâŸ© âˆˆ ğ‘¹ âˆ§ âŸ¨b,câŸ© âˆˆ ğ‘¹)}  
an ordered pair âŸ¨a,câŸ©âˆˆğ‘¹<sup>2</sup> means there's a "middle" bâˆˆB that satisfies âŸ¨a,bâŸ©âˆˆğ‘¹ and âŸ¨b,câŸ©âˆˆğ‘¹  
![](./relations1.gif)  

examples
- (a=âˆ’b)<sup>2</sup> = ğ‘°<sub>â„</sub>
- âŸ¨a,bâŸ© âˆˆ ğ‘¹<sup>2</sup> âŸº âŸ¨a,câŸ©,âŸ¨c,bâŸ© âˆˆ ğ‘¹

#### Empty âˆ…<sub>A</sub>: ğ‘¹:=rel(AÃ—B) = âˆ…
No pair âˆˆ AÃ—B satisfies âŸ¨a,bâŸ© âˆˆ ğ‘¹
properties  
- ğ‘ºÂ·âˆ…<sub>A</sub> = âˆ…
- symmetric and anti-symmetric ?

examples
- {âŸ¨x,yâŸ© âˆˆ â„•<sup>2</sup> | x+yï¹¤x}

#### Identity ğ‘°<sub>A</sub>
properties  
- ğ‘¹Â·ğ‘°<sub>A</sub> = ğ‘¹

#### Reflexivity: ğ‘¹:=rel(A) is reflexive if âˆ€a âˆˆ A(âŸ¨a,aâŸ© âˆˆ ğ‘¹)  
ğ‘¹ is reflexive if every a in A satisfies âŸ¨a,aâŸ©âˆˆğ‘¹. In other words:   
ğ‘°<sub>A</sub> âŠ† ğ‘¹  
A = { âˆ’1, 0, 1 }. Is â‹± contained in ğ‘¹?
ğ‘¹ = lambda a,b: aâŠ™b; `all(R(x,x) for x in A)`?
properties  
- âŸº ğ‘¹<sup>âˆ’1</sup> is reflexive
- â†’ ğ‘¹ âŠ† ğ‘¹<sup>2</sup> (and ğ‘¹<sup>2</sup> is reflexive)
- â†’ ğ‘¹âŠ†ğ‘¹<sup>2</sup>
- if ğ‘ºâŠ†ğ‘¹ then ğ‘º is reflexive
- if ğ‘º is reflexive then both ğ‘¹âˆªğ‘º and ğ‘¹âˆ©ğ‘º are reflexive
examples
- ğ‘¼<sub>A</sub>: âˆ€a âˆˆ A(âŸ¨a,aâŸ© âˆˆ AÃ—A = ğ‘¼<sub>A</sub>)
- ğ‘°<sub>A</sub>: âˆ€a âˆˆ A(âŸ¨a,aâŸ© âˆˆ {âŸ¨âˆ’1, âˆ’1âŸ©, âŸ¨0, 0âŸ©, âŸ¨1, 1âŸ©})
- â‰¤, â‰¥ // both contain â‹±
counter examples
- â‰  (which is ğ‘¼<sub>A</sub> âˆ’ ğ‘°<sub>A</sub>)
- <, >, âˆ…<sub>A</sub>
- a=âˆ’b â‹°

#### Anti-Reflexivity: ğ‘¹:=rel(A) is anti-reflexive iff Â¬âˆƒa âˆˆ A(âŸ¨a,aâŸ© âˆˆ ğ‘¹)  
ğ‘¹ is reflexive if every a in A satisfies âŸ¨a,aâŸ© âˆ‰ ğ‘¹. In other words:
ğ‘°<sub>A</sub> âˆ© ğ‘¹ = âˆ… // just ğ‘°<sub>A</sub> âŠˆ ğ‘¹ isn't enough; ğ‘°<sub>A</sub> = {âŸ¨1,1âŸ©, âŸ¨2,2âŸ©} âŠˆ ğ‘¹ = {âŸ¨1,1âŸ©, âŸ¨1,2âŸ©} but âŸ¨1,1âŸ© âˆˆ ğ‘¹ so isn't anti-reflexive
examples
- â‰ , <, >, âˆ…<sub>A</sub>
counter examples
- ğ‘¼<sub>A</sub>, ğ‘°<sub>A</sub>, a=âˆ’b â‹°, â‰¤, â‰¥

#### Symmetry: ğ‘¹:=rel(A) is symmetric iff ğ‘¹ = ğ‘¹<sup>âˆ’1</sup>  
ğ‘¹ is symmetric if every âŸ¨x,yâŸ© in ğ‘¹ satisfies âŸ¨y,xâŸ© âˆˆ ğ‘¹ // assuming both x and y exist in A
âˆ€xâˆ€y(âŸ¨x,yâŸ©âˆˆğ‘¹ â†’ âŸ¨y,xâŸ©âˆˆğ‘¹)
ğ‘¹ = lambda a,b: aâŠ™b; `all(rel(y,x) for x,y in R)`?

properties
- if ğ‘º is symmetric then both ğ‘¹âˆªğ‘º and ğ‘¹âˆ©ğ‘º are reflexive
- if ğ‘º is symmetric then ğ‘¹\ğ‘º is symmetric
examples
- âˆ…<sub>A</sub> // can't point at âŸ¨x,yâŸ© and say âŸ¨y,xâŸ© is not in âˆ…<sup>âˆ’1</sup>
- ğ‘¼<sub>A</sub>, ğ‘°<sub>A</sub>, a=âˆ’b â‹°, â‰ 
counter examples
- â‰¤, â‰¥, <, >

#### Anti-Symmetry: ğ‘¹:=rel(A) is anti-symmetric iff ğ‘¹ âˆ© ğ‘¹<sup>âˆ’1</sup> = âˆ…
ğ‘¹ is anti-symmetric if every âŸ¨x,yâŸ© in ğ‘¹ satisfies âŸ¨y,xâŸ© âˆ‰ ğ‘¹
âˆ€xâˆ€y((x,y) âˆˆ ğ‘¹ â†’ (y,x) âˆ‰ ğ‘¹)
ğ‘¹ âˆ© ğ‘¹<sup>âˆ’1</sup> = âˆ… means there can't be a âŸ¨x,xâŸ©

properties
- â†’ ğ‘¹ is anti-reflexive
- â†’ ğ‘¹<sup>âˆ’1</sup> is anti-symmetric
- if ğ‘ºâŠ†ğ‘¹ then ğ‘º is anti-symmetric
- if ğ‘ºâˆªğ‘» is anti-symmetric then both ğ‘º and ğ‘» are anti-symmetric
- â†’ ğ‘¹âˆ©ğ‘º is anti-symmetric

examples
- <, >, âˆ…<sub>A</sub>
- bï¹¥a<sup>2</sup>

counter examples  
- â‰ , â‰¤, â‰¥, ğ‘¼<sub>A</sub>, ğ‘°<sub>A</sub>, a=âˆ’b â‹°, â‰ 
- bï¹¤a<sup>2</sup> // âŸ¨3,4âŸ© and âŸ¨4,3âŸ© are symmetric

#### Weak Anti-Symmetry: ğ‘¹ âˆ© ğ‘¹<sup>âˆ’1</sup> âŠ† ğ‘°<sub>A</sub>  
âˆ€xâˆ€y(âŸ¨x,yâŸ© âˆˆ ğ‘¹ âˆ§ âŸ¨y,xâŸ© âˆˆ ğ‘¹ â†’ x=y)
if both âŸ¨x,yâŸ© âˆˆ ğ‘¹ and âŸ¨y,xâŸ© âˆˆ ğ‘¹ it's only because they're equal
for x,y âˆˆ A: if xâ‰ y and âŸ¨x,yâŸ© âˆˆ ğ‘¹ then must âŸ¨y,xâŸ© âˆ‰ ğ‘¹

A<sub>S</sub> vs WA<sub>S</sub>: A<sub>S</sub> requires every pair's opposite to not be in ğ‘¹, whereas WA<sub>S</sub> requires the same only for pairs that x=y

examples
- ğ‘°<sub>A</sub>

#### Transitivity: ğ‘¹<sup>2</sup> âŠ† ğ‘¹
âˆ€xâˆ€yâˆ€z((ğ‘¹(x,y) âˆ§ ğ‘¹(y,z)) â†’ ğ‘¹(x,z))
Every (x,y,z) âˆˆ A that satisfy âŸ¨x,yâŸ© âˆˆ ğ‘¹ and âŸ¨y,zâŸ© âˆˆ ğ‘¹ also satisfy âŸ¨x,zâŸ© âˆˆ ğ‘¹
If you see an x that leads to y that leads to z, then expect x to lead to z // this is why ğ‘¹<sup>2</sup> âŠ† ğ‘¹

properties
- if ğ‘» is symmetric and anti-symmetric then it's also transitive
examples
- A={1,2,3}; ğ‘¹ = {âŸ¨__1__,2âŸ©, âŸ¨2,__3__âŸ©, __âŸ¨1,3âŸ©__} â‡’ ğ‘¹<sup>2</sup> = {âŸ¨1,3âŸ©} âŠ† ğ‘¹
- A={1,2,3}; ğ‘» = {âŸ¨1,2âŸ©} â‡’ ğ‘»<sup>2</sup> = âˆ… âŠ† ğ‘»
- ğ‘¾ = {âŸ¨1,1âŸ©} â‡’ ğ‘¾<sup>2</sup> = {âŸ¨1,1âŸ©} âŠ† ğ‘¾
- ğ‘°<sub>A</sub>
- âˆ…<sub>A</sub>
- ğ‘¼<sub>A</sub> // if âŸ¨a,bâŸ© âˆˆ A<sup>2</sup> and âŸ¨b,aâŸ© âˆˆ A<sup>2</sup> then âŸ¨a,câŸ© âˆˆ A<sup>2</sup>
- if |A|ï¹¥1 then â‰  is trans
- <, â‰¤

counter examples
- ğ‘·={âŸ¨1,2âŸ©, âŸ¨2,1âŸ©} â‡’ ğ‘·<sup>2</sup> = {âŸ¨1,1âŸ©, âŸ¨2,2âŸ©} âŠˆ ğ‘· // iow: 1 leads to 2 leads to 1, but âŸ¨1,1âŸ© âŠˆ ğ‘·
- âˆƒxâˆƒyâˆƒz(ğ‘¹(x,y) âˆ§ ğ‘¹(y,z) âˆ§ Â¬ğ‘¹(x,z))

------

#### Equivalance: ğ‘¹ over A is equivalence iff R is reflexive, symmetric and transitive
examples
- ğ‘¼<sub>A</sub>, ğ‘°<sub>A</sub>, equality
- "Has the same absolute value" on the set of real numbers
- if A=âˆ… then âˆ…<sub>A</sub> is symmetric, transitive and reflexive

counter examples
- â‰¥ // reflexive and transitive but not symmetric
- if Aâ‰ âˆ… then âˆ…<sub>A</sub> is symmetric and transitive, but not reflexive

#### Connexivity: ğ‘¹ over A is connexive iff âˆ€(x,y) âˆˆ A ( âŸ¨x,yâŸ©âˆˆğ‘¹ â‹ âŸ¨y,xâŸ©âˆˆğ‘¹ â‹ x = y)
properties
- ğ‘¹ cannot be symmetric, except for ğ‘¼<sub>A</sub>

#### Total Order: antireflexive, transitive, and connex
examples
- < over â„
counter examples
- if Aâ‰ âˆ… then ğ‘°<sub>A</sub> isn't total order because for all aâˆˆA: a=a

#### Partial Order: â‰¤ is a partial order iff it's antireflexive and transitive
examples
- âŠ‚ over ğ“Ÿ(A)

???  
for all a, b, and c:
- a â‰¤ a // reflex
- if a â‰¤ b and b â‰¤ a, then a = b // antisymm
- if a â‰¤ b and b â‰¤ c, then a â‰¤ c // trans  

examples
- equality  
???

#### Partition of A is a set of non-empty, non-overlapping subsets of A whose union = A
properties
- every aâˆˆA is in exactly one block
- no block contains âˆ…
- union of blocks = A
- intersection of any two blocks = âˆ…
- â†’ A is finite â‡’ rank of P is |X| âˆ’ |P| ?

examples
- {A} is partition of A // trivial
- âˆ…'s only partition is âˆ…
- {1,2,3} has five partitions: {{1},{2},{3}}, {{1, 2}, {3}}, {{1, 3},{2}}, {{1},{2, 3}}, {{1, 2, 3}}

counter examples:
- not partitions of {1,2,3}: 
  - {{}, {1,3}, {2}} // contains âˆ…
  - {{1, 2}, {2, 3}} // 2 exists âˆˆ more than one block
  - {{1}, {2}} // no block contains 3
